# JRE version: OpenJDK Runtime Environment (15.0.1+9) (build 15.0.1+9-18)
# Java VM: OpenJDK 64-Bit Server VM (15.0.1+9-18, mixed mode, sharing, tiered, compressed oops, g1 gc, windows-amd64)
GC Precious Log:
 CPUs: 4 total, 4 available
 Memory: 8071M
 Large Page Support: Disabled
 NUMA Support: Disabled
 Compressed Oops: Enabled (32-bit)
 Heap Region Size: 1M
 Heap Min Capacity: 8M
 Heap Initial Capacity: 128M
 Heap Max Capacity: 2018M
 Pre-touch: Disabled
 Parallel Workers: 4
 Concurrent Workers: 1
 Concurrent Refinement Workers: 4
 Periodic GC: Disabled
Heap:
 garbage-first heap   total 61440K, used 49656K [0x0000000081e00000, 0x0000000100000000)
  region size 1024K, 17 young (17408K), 0 survivors (0K)
 Metaspace       used 54020K, capacity 54575K, committed 54832K, reserved 1099776K
  class space    used 7501K, capacity 7690K, committed 7808K, reserved 1048576K
GC Heap History (20 events):
Event: 28.784 GC heap after
{Heap after GC invocations=12 (full 0):
 garbage-first heap   total 55296K, used 21023K [0x0000000081e00000, 0x0000000100000000)
  region size 1024K, 2 young (2048K), 2 survivors (2048K)
 Metaspace       used 35405K, capacity 35827K, committed 35888K, reserved 1081344K
  class space    used 4787K, capacity 4947K, committed 4992K, reserved 1048576K
}
Event: 29.919 GC heap before
{Heap before GC invocations=13 (full 0):
 garbage-first heap   total 55296K, used 42527K [0x0000000081e00000, 0x0000000100000000)
  region size 1024K, 24 young (24576K), 2 survivors (2048K)
 Metaspace       used 40036K, capacity 40398K, committed 40624K, reserved 1085440K
  class space    used 5447K, capacity 5592K, committed 5632K, reserved 1048576K
}
Event: 29.929 GC heap after
{Heap after GC invocations=14 (full 0):
 garbage-first heap   total 55296K, used 22480K [0x0000000081e00000, 0x0000000100000000)
  region size 1024K, 2 young (2048K), 2 survivors (2048K)
 Metaspace       used 40036K, capacity 40398K, committed 40624K, reserved 1085440K
  class space    used 5447K, capacity 5592K, committed 5632K, reserved 1048576K
}
Event: 31.402 GC heap before
{Heap before GC invocations=14 (full 0):
 garbage-first heap   total 55296K, used 41936K [0x0000000081e00000, 0x0000000100000000)
  region size 1024K, 22 young (22528K), 2 survivors (2048K)
 Metaspace       used 42860K, capacity 43314K, committed 43440K, reserved 1087488K
  class space    used 5890K, capacity 6050K, committed 6144K, reserved 1048576K
}
Event: 31.411 GC heap after
{Heap after GC invocations=15 (full 0):
 garbage-first heap   total 55296K, used 23647K [0x0000000081e00000, 0x0000000100000000)
  region size 1024K, 3 young (3072K), 3 survivors (3072K)
 Metaspace       used 42860K, capacity 43314K, committed 43440K, reserved 1087488K
  class space    used 5890K, capacity 6050K, committed 6144K, reserved 1048576K
}
Event: 32.339 GC heap before
{Heap before GC invocations=15 (full 0):
 garbage-first heap   total 55296K, used 44127K [0x0000000081e00000, 0x0000000100000000)
  region size 1024K, 23 young (23552K), 3 survivors (3072K)
 Metaspace       used 46001K, capacity 46494K, committed 46640K, reserved 1089536K
  class space    used 6292K, capacity 6470K, committed 6528K, reserved 1048576K
}
Event: 32.349 GC heap after
{Heap after GC invocations=16 (full 0):
 garbage-first heap   total 55296K, used 24961K [0x0000000081e00000, 0x0000000100000000)
  region size 1024K, 3 young (3072K), 3 survivors (3072K)
 Metaspace       used 46001K, capacity 46494K, committed 46640K, reserved 1089536K
  class space    used 6292K, capacity 6470K, committed 6528K, reserved 1048576K
}
Event: 33.583 GC heap before
{Heap before GC invocations=16 (full 0):
 garbage-first heap   total 55296K, used 43393K [0x0000000081e00000, 0x0000000100000000)
  region size 1024K, 21 young (21504K), 3 survivors (3072K)
 Metaspace       used 46747K, capacity 47199K, committed 47536K, reserved 1089536K
  class space    used 6405K, capacity 6573K, committed 6656K, reserved 1048576K
}
Event: 33.589 GC heap after
{Heap after GC invocations=17 (full 0):
 garbage-first heap   total 55296K, used 26031K [0x0000000081e00000, 0x0000000100000000)
  region size 1024K, 3 young (3072K), 3 survivors (3072K)
 Metaspace       used 46747K, capacity 47199K, committed 47536K, reserved 1089536K
  class space    used 6405K, capacity 6573K, committed 6656K, reserved 1048576K
}
Event: 34.040 GC heap before
{Heap before GC invocations=17 (full 0):
 garbage-first heap   total 55296K, used 42415K [0x0000000081e00000, 0x0000000100000000)
  region size 1024K, 20 young (20480K), 3 survivors (3072K)
 Metaspace       used 47834K, capacity 48314K, committed 48432K, reserved 1095680K
  class space    used 6535K, capacity 6706K, committed 6784K, reserved 1048576K
}
Event: 34.046 GC heap after
{Heap after GC invocations=18 (full 0):
 garbage-first heap   total 55296K, used 27346K [0x0000000081e00000, 0x0000000100000000)
  region size 1024K, 3 young (3072K), 3 survivors (3072K)
 Metaspace       used 47834K, capacity 48314K, committed 48432K, reserved 1095680K
  class space    used 6535K, capacity 6706K, committed 6784K, reserved 1048576K
}
Event: 35.071 GC heap before
{Heap before GC invocations=18 (full 0):
 garbage-first heap   total 55296K, used 43730K [0x0000000081e00000, 0x0000000100000000)
  region size 1024K, 19 young (19456K), 3 survivors (3072K)
 Metaspace       used 50036K, capacity 50563K, committed 50736K, reserved 1097728K
  class space    used 6831K, capacity 7021K, committed 7040K, reserved 1048576K
}
Event: 35.078 GC heap after
{Heap after GC invocations=19 (full 0):
 garbage-first heap   total 55296K, used 29158K [0x0000000081e00000, 0x0000000100000000)
  region size 1024K, 3 young (3072K), 3 survivors (3072K)
 Metaspace       used 50036K, capacity 50563K, committed 50736K, reserved 1097728K
  class space    used 6831K, capacity 7021K, committed 7040K, reserved 1048576K
}
Event: 35.702 GC heap before
{Heap before GC invocations=20 (full 0):
 garbage-first heap   total 55296K, used 44518K [0x0000000081e00000, 0x0000000100000000)
  region size 1024K, 18 young (18432K), 3 survivors (3072K)
 Metaspace       used 51595K, capacity 52114K, committed 52272K, reserved 1097728K
  class space    used 7086K, capacity 7282K, committed 7296K, reserved 1048576K
}
Event: 35.712 GC heap after
{Heap after GC invocations=21 (full 0):
 garbage-first heap   total 55296K, used 30726K [0x0000000081e00000, 0x0000000100000000)
  region size 1024K, 2 young (2048K), 2 survivors (2048K)
 Metaspace       used 51595K, capacity 52114K, committed 52272K, reserved 1097728K
  class space    used 7086K, capacity 7282K, committed 7296K, reserved 1048576K
}
Event: 36.001 GC heap before
{Heap before GC invocations=21 (full 0):
 garbage-first heap   total 55296K, used 44038K [0x0000000081e00000, 0x0000000100000000)
  region size 1024K, 15 young (15360K), 2 survivors (2048K)
 Metaspace       used 52373K, capacity 52971K, committed 53168K, reserved 1099776K
  class space    used 7193K, capacity 7392K, committed 7424K, reserved 1048576K
}
Event: 36.011 GC heap after
{Heap after GC invocations=22 (full 0):
 garbage-first heap   total 55296K, used 31892K [0x0000000081e00000, 0x0000000100000000)
  region size 1024K, 2 young (2048K), 2 survivors (2048K)
 Metaspace       used 52373K, capacity 52971K, committed 53168K, reserved 1099776K
  class space    used 7193K, capacity 7392K, committed 7424K, reserved 1048576K
}
Event: 36.477 GC heap before
{Heap before GC invocations=23 (full 0):
 garbage-first heap   total 61440K, used 44180K [0x0000000081e00000, 0x0000000100000000)
  region size 1024K, 14 young (14336K), 2 survivors (2048K)
 Metaspace       used 53563K, capacity 54138K, committed 54448K, reserved 1099776K
  class space    used 7405K, capacity 7588K, committed 7680K, reserved 1048576K
}
Event: 36.482 GC heap after
{Heap after GC invocations=24 (full 0):
 garbage-first heap   total 61440K, used 32248K [0x0000000081e00000, 0x0000000100000000)
  region size 1024K, 2 young (2048K), 2 survivors (2048K)
 Metaspace       used 53563K, capacity 54138K, committed 54448K, reserved 1099776K
  class space    used 7405K, capacity 7588K, committed 7680K, reserved 1048576K
}
Event: 37.102 GC heap before
{Heap before GC invocations=24 (full 0):
 garbage-first heap   total 61440K, used 49656K [0x0000000081e00000, 0x0000000100000000)
  region size 1024K, 19 young (19456K), 2 survivors (2048K)
 Metaspace       used 54020K, capacity 54575K, committed 54832K, reserved 1099776K
  class space    used 7501K, capacity 7690K, committed 7808K, reserved 1048576K
}

